Start testing: May 20 14:55 UTC
----------------------------------------------------------
1/6 Testing: Problem1.BalancedNum
1/6 Test: Problem1.BalancedNum
Command: "/mnt/c/Users/Bekhzod_I/Desktop/Laurea_magistrale_HPC/Sem_2/SE4HPC(DI NITTO)/se4hpc_project/build/tests" "--gtest_filter=Problem1.BalancedNum" "--gtest_also_run_disabled_tests"
Directory: /mnt/c/Users/Bekhzod_I/Desktop/Laurea_magistrale_HPC/Sem_2/SE4HPC(DI NITTO)/se4hpc_project/build
"Problem1.BalancedNum" start time: May 20 14:55 UTC
Output:
----------------------------------------------------------
Note: Google Test filter = Problem1.BalancedNum
[==========] Running 1 test from 1 test suite.
[----------] Global test environment set-up.
[----------] 1 test from Problem1
[ RUN      ] Problem1.BalancedNum
[       OK ] Problem1.BalancedNum (0 ms)
[----------] 1 test from Problem1 (0 ms total)

[----------] Global test environment tear-down
[==========] 1 test from 1 test suite ran. (0 ms total)
[  PASSED  ] 1 test.
<end of output>
Test time =   0.05 sec
----------------------------------------------------------
Test Passed.
"Problem1.BalancedNum" end time: May 20 14:55 UTC
"Problem1.BalancedNum" time elapsed: 00:00:00
----------------------------------------------------------

2/6 Testing: Problem2.IsIsogram
2/6 Test: Problem2.IsIsogram
Command: "/mnt/c/Users/Bekhzod_I/Desktop/Laurea_magistrale_HPC/Sem_2/SE4HPC(DI NITTO)/se4hpc_project/build/tests" "--gtest_filter=Problem2.IsIsogram" "--gtest_also_run_disabled_tests"
Directory: /mnt/c/Users/Bekhzod_I/Desktop/Laurea_magistrale_HPC/Sem_2/SE4HPC(DI NITTO)/se4hpc_project/build
"Problem2.IsIsogram" start time: May 20 14:55 UTC
Output:
----------------------------------------------------------
Note: Google Test filter = Problem2.IsIsogram
[==========] Running 1 test from 1 test suite.
[----------] Global test environment set-up.
[----------] 1 test from Problem2
[ RUN      ] Problem2.IsIsogram
[       OK ] Problem2.IsIsogram (0 ms)
[----------] 1 test from Problem2 (0 ms total)

[----------] Global test environment tear-down
[==========] 1 test from 1 test suite ran. (0 ms total)
[  PASSED  ] 1 test.
<end of output>
Test time =   0.07 sec
----------------------------------------------------------
Test Passed.
"Problem2.IsIsogram" end time: May 20 14:55 UTC
"Problem2.IsIsogram" time elapsed: 00:00:00
----------------------------------------------------------

3/6 Testing: Problem3.PossiblyPerfect
3/6 Test: Problem3.PossiblyPerfect
Command: "/mnt/c/Users/Bekhzod_I/Desktop/Laurea_magistrale_HPC/Sem_2/SE4HPC(DI NITTO)/se4hpc_project/build/tests" "--gtest_filter=Problem3.PossiblyPerfect" "--gtest_also_run_disabled_tests"
Directory: /mnt/c/Users/Bekhzod_I/Desktop/Laurea_magistrale_HPC/Sem_2/SE4HPC(DI NITTO)/se4hpc_project/build
"Problem3.PossiblyPerfect" start time: May 20 14:55 UTC
Output:
----------------------------------------------------------
Note: Google Test filter = Problem3.PossiblyPerfect
[==========] Running 1 test from 1 test suite.
[----------] Global test environment set-up.
[----------] 1 test from Problem3
[ RUN      ] Problem3.PossiblyPerfect
[       OK ] Problem3.PossiblyPerfect (0 ms)
[----------] 1 test from Problem3 (0 ms total)

[----------] Global test environment tear-down
[==========] 1 test from 1 test suite ran. (0 ms total)
[  PASSED  ] 1 test.
<end of output>
Test time =   0.05 sec
----------------------------------------------------------
Test Passed.
"Problem3.PossiblyPerfect" end time: May 20 14:55 UTC
"Problem3.PossiblyPerfect" time elapsed: 00:00:00
----------------------------------------------------------

4/6 Testing: Problem4.FindOdd
4/6 Test: Problem4.FindOdd
Command: "/mnt/c/Users/Bekhzod_I/Desktop/Laurea_magistrale_HPC/Sem_2/SE4HPC(DI NITTO)/se4hpc_project/build/tests" "--gtest_filter=Problem4.FindOdd" "--gtest_also_run_disabled_tests"
Directory: /mnt/c/Users/Bekhzod_I/Desktop/Laurea_magistrale_HPC/Sem_2/SE4HPC(DI NITTO)/se4hpc_project/build
"Problem4.FindOdd" start time: May 20 14:55 UTC
Output:
----------------------------------------------------------
Note: Google Test filter = Problem4.FindOdd
[==========] Running 1 test from 1 test suite.
[----------] Global test environment set-up.
[----------] 1 test from Problem4
[ RUN      ] Problem4.FindOdd
[       OK ] Problem4.FindOdd (0 ms)
[----------] 1 test from Problem4 (0 ms total)

[----------] Global test environment tear-down
[==========] 1 test from 1 test suite ran. (0 ms total)
[  PASSED  ] 1 test.
<end of output>
Test time =   0.06 sec
----------------------------------------------------------
Test Passed.
"Problem4.FindOdd" end time: May 20 14:55 UTC
"Problem4.FindOdd" time elapsed: 00:00:00
----------------------------------------------------------

5/6 Testing: Problem5.EncodeDecode
5/6 Test: Problem5.EncodeDecode
Command: "/mnt/c/Users/Bekhzod_I/Desktop/Laurea_magistrale_HPC/Sem_2/SE4HPC(DI NITTO)/se4hpc_project/build/tests" "--gtest_filter=Problem5.EncodeDecode" "--gtest_also_run_disabled_tests"
Directory: /mnt/c/Users/Bekhzod_I/Desktop/Laurea_magistrale_HPC/Sem_2/SE4HPC(DI NITTO)/se4hpc_project/build
"Problem5.EncodeDecode" start time: May 20 14:55 UTC
Output:
----------------------------------------------------------
Note: Google Test filter = Problem5.EncodeDecode
[==========] Running 1 test from 1 test suite.
[----------] Global test environment set-up.
[----------] 1 test from Problem5
[ RUN      ] Problem5.EncodeDecode
[       OK ] Problem5.EncodeDecode (0 ms)
[----------] 1 test from Problem5 (0 ms total)

[----------] Global test environment tear-down
[==========] 1 test from 1 test suite ran. (0 ms total)
[  PASSED  ] 1 test.
<end of output>
Test time =   0.05 sec
----------------------------------------------------------
Test Passed.
"Problem5.EncodeDecode" end time: May 20 14:55 UTC
"Problem5.EncodeDecode" time elapsed: 00:00:00
----------------------------------------------------------

6/6 Testing: Problem6.Bananas
6/6 Test: Problem6.Bananas
Command: "/mnt/c/Users/Bekhzod_I/Desktop/Laurea_magistrale_HPC/Sem_2/SE4HPC(DI NITTO)/se4hpc_project/build/tests" "--gtest_filter=Problem6.Bananas" "--gtest_also_run_disabled_tests"
Directory: /mnt/c/Users/Bekhzod_I/Desktop/Laurea_magistrale_HPC/Sem_2/SE4HPC(DI NITTO)/se4hpc_project/build
"Problem6.Bananas" start time: May 20 14:55 UTC
Output:
----------------------------------------------------------
Note: Google Test filter = Problem6.Bananas
[==========] Running 1 test from 1 test suite.
[----------] Global test environment set-up.
[----------] 1 test from Problem6
[ RUN      ] Problem6.Bananas
[       OK ] Problem6.Bananas (0 ms)
[----------] 1 test from Problem6 (0 ms total)

[----------] Global test environment tear-down
[==========] 1 test from 1 test suite ran. (0 ms total)
[  PASSED  ] 1 test.
<end of output>
Test time =   0.07 sec
----------------------------------------------------------
Test Passed.
"Problem6.Bananas" end time: May 20 14:55 UTC
"Problem6.Bananas" time elapsed: 00:00:00
----------------------------------------------------------

End testing: May 20 14:55 UTC
